<?xml version="1.0" encoding="UTF-8"?>
<testsuite xmlns:xsi="http://www.w3.org/2001/XMLSchema-instance" xsi:noNamespaceSchemaLocation="https://maven.apache.org/surefire/maven-surefire-plugin/xsd/surefire-test-report-3.0.xsd" version="3.0" name="Model.FileManagerTest" time="0.093" tests="4" errors="0" skipped="0" failures="0">
  <properties>
[...]
</properties>
  <testcase name="loadTextFromFileTest" classname="Model.FileManagerTest" time="0.077"/>
  <testcase name="saveTextToFileTest" classname="Model.FileManagerTest" time="0.005"/>
  <testcase name="saveTextToFileUnicodeTest" classname="Model.FileManagerTest" time="0.004"/>
  <testcase name="loadtextFromFileMissingTest" classname="Model.FileManagerTest" time="0.004"/>
</testsuite>